2023-10-22 11:20:04,723 [Worker-0: Loading available Gradle versions] INFO  o.e.b.c.i.u.g.PublishedGradleVersions - Gradle version information cache is out-of-date. Trying to update.
2023-10-22 11:23:26,897 [Worker-1: Loading available Gradle versions] INFO  o.e.b.c.i.u.g.PublishedGradleVersions - Gradle version information cache is up-to-date. Trying to read.
2023-10-22 12:28:03,256 [Worker-0: Loading available Gradle versions] INFO  o.e.b.c.i.u.g.PublishedGradleVersions - Gradle version information cache is up-to-date. Trying to read.
2023-10-22 12:52:50,992 [Worker-0: Loading available Gradle versions] INFO  o.e.b.c.i.u.g.PublishedGradleVersions - Gradle version information cache is up-to-date. Trying to read.
2023-10-22 12:55:51,404 [Worker-1: Loading available Gradle versions] INFO  o.e.b.c.i.u.g.PublishedGradleVersions - Gradle version information cache is up-to-date. Trying to read.
2023-10-22 13:23:11,803 [Worker-0: Loading available Gradle versions] INFO  o.e.b.c.i.u.g.PublishedGradleVersions - Gradle version information cache is up-to-date. Trying to read.
2023-10-24 12:00:02,562 [Worker-0: Loading available Gradle versions] INFO  o.e.b.c.i.u.g.PublishedGradleVersions - Gradle version information cache is out-of-date. Trying to update.
2023-10-24 15:17:39,160 [Worker-1: Loading available Gradle versions] INFO  o.e.b.c.i.u.g.PublishedGradleVersions - Gradle version information cache is up-to-date. Trying to read.
2023-10-25 13:59:00,959 [Worker-3: Loading available Gradle versions] INFO  o.e.b.c.i.u.g.PublishedGradleVersions - Gradle version information cache is out-of-date. Trying to update.
2023-10-25 15:12:14,745 [Worker-1: Loading available Gradle versions] INFO  o.e.b.c.i.u.g.PublishedGradleVersions - Gradle version information cache is up-to-date. Trying to read.
2023-10-25 15:17:46,552 [Worker-1: Loading available Gradle versions] INFO  o.e.b.c.i.u.g.PublishedGradleVersions - Gradle version information cache is up-to-date. Trying to read.
2023-10-26 11:29:20,438 [Worker-4: Loading available Gradle versions] INFO  o.e.b.c.i.u.g.PublishedGradleVersions - Gradle version information cache is up-to-date. Trying to read.
2023-10-26 13:24:18,821 [Worker-1: Loading available Gradle versions] INFO  o.e.b.c.i.u.g.PublishedGradleVersions - Gradle version information cache is up-to-date. Trying to read.
2023-10-27 12:05:25,505 [Worker-1: Loading available Gradle versions] INFO  o.e.b.c.i.u.g.PublishedGradleVersions - Gradle version information cache is out-of-date. Trying to update.
2023-11-03 09:51:29,896 [Worker-3: Loading available Gradle versions] INFO  o.e.b.c.i.u.g.PublishedGradleVersions - Gradle version information cache is out-of-date. Trying to update.
2023-11-03 10:56:21,792 [Worker-2: Loading available Gradle versions] INFO  o.e.b.c.i.u.g.PublishedGradleVersions - Gradle version information cache is up-to-date. Trying to read.
2023-11-05 11:11:54,022 [Worker-2: Loading available Gradle versions] INFO  o.e.b.c.i.u.g.PublishedGradleVersions - Gradle version information cache is out-of-date. Trying to update.
2023-11-05 11:28:51,528 [Worker-2: Loading available Gradle versions] INFO  o.e.b.c.i.u.g.PublishedGradleVersions - Gradle version information cache is up-to-date. Trying to read.
2023-11-05 12:56:52,930 [Worker-2: Loading available Gradle versions] INFO  o.e.b.c.i.u.g.PublishedGradleVersions - Gradle version information cache is up-to-date. Trying to read.
2023-11-05 12:58:33,517 [ModalContext] INFO  o.e.m.c.i.e.AbstractTransferListenerAdapter - Downloading https://repo.maven.apache.org/maven2/am/ik/archetype/maven-reactjs-blank-archetype/1.0.0/maven-reactjs-blank-archetype-1.0.0.pom
2023-11-05 12:58:34,068 [ModalContext] INFO  o.e.m.c.i.e.AbstractTransferListenerAdapter - Downloaded https://repo.maven.apache.org/maven2/am/ik/archetype/maven-reactjs-blank-archetype/1.0.0/maven-reactjs-blank-archetype-1.0.0.pom
2023-11-05 12:58:34,237 [ModalContext] INFO  o.e.m.c.i.e.AbstractTransferListenerAdapter - Downloading https://repo.maven.apache.org/maven2/am/ik/archetype/maven-reactjs-blank-archetype/1.0.0/maven-reactjs-blank-archetype-1.0.0.jar
2023-11-05 12:58:34,627 [ModalContext] INFO  o.e.m.c.i.e.AbstractTransferListenerAdapter - Downloaded https://repo.maven.apache.org/maven2/am/ik/archetype/maven-reactjs-blank-archetype/1.0.0/maven-reactjs-blank-archetype-1.0.0.jar
2023-11-05 12:59:02,558 [Worker-5: Launching mavenrun-3a8e5343-149b-4aa8-960b-63ed1fd4cead] INFO  o.eclipse.m2e.core.internal.Bundles - getClasspathEntries(Bundle=org.eclipse.m2e.maven.runtime_3.8.604.20221130-2149 [270])
2023-11-05 12:59:02,583 [Worker-5: Launching mavenrun-3a8e5343-149b-4aa8-960b-63ed1fd4cead] INFO  o.eclipse.m2e.core.internal.Bundles - 	Entry: C:\Users\ins4g\Downloads\eclipse-java-2022-12-R-win32-x86_64\eclipse\plugins\org.eclipse.m2e.maven.runtime_3.8.604.20221130-2149
2023-11-05 12:59:02,583 [Worker-5: Launching mavenrun-3a8e5343-149b-4aa8-960b-63ed1fd4cead] INFO  o.eclipse.m2e.core.internal.Bundles - 	Entry: C:\Users\ins4g\Downloads\eclipse-java-2022-12-R-win32-x86_64\eclipse\plugins\org.eclipse.m2e.maven.runtime_3.8.604.20221130-2149\jars\aether-connector-okhttp-0.17.8.jar
2023-11-05 12:59:02,584 [Worker-5: Launching mavenrun-3a8e5343-149b-4aa8-960b-63ed1fd4cead] INFO  o.eclipse.m2e.core.internal.Bundles - 	Entry: C:\Users\ins4g\Downloads\eclipse-java-2022-12-R-win32-x86_64\eclipse\plugins\org.eclipse.m2e.maven.runtime_3.8.604.20221130-2149\jars\commons-cli-1.4.jar
2023-11-05 12:59:02,584 [Worker-5: Launching mavenrun-3a8e5343-149b-4aa8-960b-63ed1fd4cead] INFO  o.eclipse.m2e.core.internal.Bundles - 	Entry: C:\Users\ins4g\Downloads\eclipse-java-2022-12-R-win32-x86_64\eclipse\plugins\org.eclipse.m2e.maven.runtime_3.8.604.20221130-2149\jars\commons-io-2.6.jar
2023-11-05 12:59:02,584 [Worker-5: Launching mavenrun-3a8e5343-149b-4aa8-960b-63ed1fd4cead] INFO  o.eclipse.m2e.core.internal.Bundles - 	Entry: C:\Users\ins4g\Downloads\eclipse-java-2022-12-R-win32-x86_64\eclipse\plugins\org.eclipse.m2e.maven.runtime_3.8.604.20221130-2149\jars\commons-lang3-3.8.1.jar
2023-11-05 12:59:02,584 [Worker-5: Launching mavenrun-3a8e5343-149b-4aa8-960b-63ed1fd4cead] INFO  o.eclipse.m2e.core.internal.Bundles - 	Entry: C:\Users\ins4g\Downloads\eclipse-java-2022-12-R-win32-x86_64\eclipse\plugins\org.eclipse.m2e.maven.runtime_3.8.604.20221130-2149\jars\guice-4.2.2-no_aop.jar
2023-11-05 12:59:02,584 [Worker-5: Launching mavenrun-3a8e5343-149b-4aa8-960b-63ed1fd4cead] INFO  o.eclipse.m2e.core.internal.Bundles - 	Entry: C:\Users\ins4g\Downloads\eclipse-java-2022-12-R-win32-x86_64\eclipse\plugins\org.eclipse.m2e.maven.runtime_3.8.604.20221130-2149\jars\jansi-2.4.0.jar
2023-11-05 12:59:02,584 [Worker-5: Launching mavenrun-3a8e5343-149b-4aa8-960b-63ed1fd4cead] INFO  o.eclipse.m2e.core.internal.Bundles - 	Entry: C:\Users\ins4g\Downloads\eclipse-java-2022-12-R-win32-x86_64\eclipse\plugins\org.eclipse.m2e.maven.runtime_3.8.604.20221130-2149\jars\maven-artifact-3.8.6.jar
2023-11-05 12:59:02,584 [Worker-5: Launching mavenrun-3a8e5343-149b-4aa8-960b-63ed1fd4cead] INFO  o.eclipse.m2e.core.internal.Bundles - 	Entry: C:\Users\ins4g\Downloads\eclipse-java-2022-12-R-win32-x86_64\eclipse\plugins\org.eclipse.m2e.maven.runtime_3.8.604.20221130-2149\jars\maven-builder-support-3.8.6.jar
2023-11-05 12:59:02,585 [Worker-5: Launching mavenrun-3a8e5343-149b-4aa8-960b-63ed1fd4cead] INFO  o.eclipse.m2e.core.internal.Bundles - 	Entry: C:\Users\ins4g\Downloads\eclipse-java-2022-12-R-win32-x86_64\eclipse\plugins\org.eclipse.m2e.maven.runtime_3.8.604.20221130-2149\jars\maven-compat-3.8.6.jar
2023-11-05 12:59:02,585 [Worker-5: Launching mavenrun-3a8e5343-149b-4aa8-960b-63ed1fd4cead] INFO  o.eclipse.m2e.core.internal.Bundles - 	Entry: C:\Users\ins4g\Downloads\eclipse-java-2022-12-R-win32-x86_64\eclipse\plugins\org.eclipse.m2e.maven.runtime_3.8.604.20221130-2149\jars\maven-core-3.8.6.jar
2023-11-05 12:59:02,585 [Worker-5: Launching mavenrun-3a8e5343-149b-4aa8-960b-63ed1fd4cead] INFO  o.eclipse.m2e.core.internal.Bundles - 	Entry: C:\Users\ins4g\Downloads\eclipse-java-2022-12-R-win32-x86_64\eclipse\plugins\org.eclipse.m2e.maven.runtime_3.8.604.20221130-2149\jars\maven-embedder-3.8.6.jar
2023-11-05 12:59:02,585 [Worker-5: Launching mavenrun-3a8e5343-149b-4aa8-960b-63ed1fd4cead] INFO  o.eclipse.m2e.core.internal.Bundles - 	Entry: C:\Users\ins4g\Downloads\eclipse-java-2022-12-R-win32-x86_64\eclipse\plugins\org.eclipse.m2e.maven.runtime_3.8.604.20221130-2149\jars\maven-model-3.8.6.jar
2023-11-05 12:59:02,585 [Worker-5: Launching mavenrun-3a8e5343-149b-4aa8-960b-63ed1fd4cead] INFO  o.eclipse.m2e.core.internal.Bundles - 	Entry: C:\Users\ins4g\Downloads\eclipse-java-2022-12-R-win32-x86_64\eclipse\plugins\org.eclipse.m2e.maven.runtime_3.8.604.20221130-2149\jars\maven-model-builder-3.8.6.jar
2023-11-05 12:59:02,585 [Worker-5: Launching mavenrun-3a8e5343-149b-4aa8-960b-63ed1fd4cead] INFO  o.eclipse.m2e.core.internal.Bundles - 	Entry: C:\Users\ins4g\Downloads\eclipse-java-2022-12-R-win32-x86_64\eclipse\plugins\org.eclipse.m2e.maven.runtime_3.8.604.20221130-2149\jars\maven-plugin-api-3.8.6.jar
2023-11-05 12:59:02,585 [Worker-5: Launching mavenrun-3a8e5343-149b-4aa8-960b-63ed1fd4cead] INFO  o.eclipse.m2e.core.internal.Bundles - 	Entry: C:\Users\ins4g\Downloads\eclipse-java-2022-12-R-win32-x86_64\eclipse\plugins\org.eclipse.m2e.maven.runtime_3.8.604.20221130-2149\jars\maven-repository-metadata-3.8.6.jar
2023-11-05 12:59:02,585 [Worker-5: Launching mavenrun-3a8e5343-149b-4aa8-960b-63ed1fd4cead] INFO  o.eclipse.m2e.core.internal.Bundles - 	Entry: C:\Users\ins4g\Downloads\eclipse-java-2022-12-R-win32-x86_64\eclipse\plugins\org.eclipse.m2e.maven.runtime_3.8.604.20221130-2149\jars\maven-resolver-api-1.6.3.jar
2023-11-05 12:59:02,586 [Worker-5: Launching mavenrun-3a8e5343-149b-4aa8-960b-63ed1fd4cead] INFO  o.eclipse.m2e.core.internal.Bundles - 	Entry: C:\Users\ins4g\Downloads\eclipse-java-2022-12-R-win32-x86_64\eclipse\plugins\org.eclipse.m2e.maven.runtime_3.8.604.20221130-2149\jars\maven-resolver-connector-basic-1.6.3.jar
2023-11-05 12:59:02,586 [Worker-5: Launching mavenrun-3a8e5343-149b-4aa8-960b-63ed1fd4cead] INFO  o.eclipse.m2e.core.internal.Bundles - 	Entry: C:\Users\ins4g\Downloads\eclipse-java-2022-12-R-win32-x86_64\eclipse\plugins\org.eclipse.m2e.maven.runtime_3.8.604.20221130-2149\jars\maven-resolver-impl-1.6.3.jar
2023-11-05 12:59:02,586 [Worker-5: Launching mavenrun-3a8e5343-149b-4aa8-960b-63ed1fd4cead] INFO  o.eclipse.m2e.core.internal.Bundles - 	Entry: C:\Users\ins4g\Downloads\eclipse-java-2022-12-R-win32-x86_64\eclipse\plugins\org.eclipse.m2e.maven.runtime_3.8.604.20221130-2149\jars\maven-resolver-provider-3.8.6.jar
2023-11-05 12:59:02,586 [Worker-5: Launching mavenrun-3a8e5343-149b-4aa8-960b-63ed1fd4cead] INFO  o.eclipse.m2e.core.internal.Bundles - 	Entry: C:\Users\ins4g\Downloads\eclipse-java-2022-12-R-win32-x86_64\eclipse\plugins\org.eclipse.m2e.maven.runtime_3.8.604.20221130-2149\jars\maven-resolver-spi-1.6.3.jar
2023-11-05 12:59:02,586 [Worker-5: Launching mavenrun-3a8e5343-149b-4aa8-960b-63ed1fd4cead] INFO  o.eclipse.m2e.core.internal.Bundles - 	Entry: C:\Users\ins4g\Downloads\eclipse-java-2022-12-R-win32-x86_64\eclipse\plugins\org.eclipse.m2e.maven.runtime_3.8.604.20221130-2149\jars\maven-resolver-transport-wagon-1.6.3.jar
2023-11-05 12:59:02,586 [Worker-5: Launching mavenrun-3a8e5343-149b-4aa8-960b-63ed1fd4cead] INFO  o.eclipse.m2e.core.internal.Bundles - 	Entry: C:\Users\ins4g\Downloads\eclipse-java-2022-12-R-win32-x86_64\eclipse\plugins\org.eclipse.m2e.maven.runtime_3.8.604.20221130-2149\jars\maven-resolver-util-1.6.3.jar
2023-11-05 12:59:02,586 [Worker-5: Launching mavenrun-3a8e5343-149b-4aa8-960b-63ed1fd4cead] INFO  o.eclipse.m2e.core.internal.Bundles - 	Entry: C:\Users\ins4g\Downloads\eclipse-java-2022-12-R-win32-x86_64\eclipse\plugins\org.eclipse.m2e.maven.runtime_3.8.604.20221130-2149\jars\maven-settings-3.8.6.jar
2023-11-05 12:59:02,586 [Worker-5: Launching mavenrun-3a8e5343-149b-4aa8-960b-63ed1fd4cead] INFO  o.eclipse.m2e.core.internal.Bundles - 	Entry: C:\Users\ins4g\Downloads\eclipse-java-2022-12-R-win32-x86_64\eclipse\plugins\org.eclipse.m2e.maven.runtime_3.8.604.20221130-2149\jars\maven-settings-builder-3.8.6.jar
2023-11-05 12:59:02,586 [Worker-5: Launching mavenrun-3a8e5343-149b-4aa8-960b-63ed1fd4cead] INFO  o.eclipse.m2e.core.internal.Bundles - 	Entry: C:\Users\ins4g\Downloads\eclipse-java-2022-12-R-win32-x86_64\eclipse\plugins\org.eclipse.m2e.maven.runtime_3.8.604.20221130-2149\jars\maven-shared-utils-3.3.4.jar
2023-11-05 12:59:02,586 [Worker-5: Launching mavenrun-3a8e5343-149b-4aa8-960b-63ed1fd4cead] INFO  o.eclipse.m2e.core.internal.Bundles - 	Entry: C:\Users\ins4g\Downloads\eclipse-java-2022-12-R-win32-x86_64\eclipse\plugins\org.eclipse.m2e.maven.runtime_3.8.604.20221130-2149\jars\okhttp-3.14.1.jar
2023-11-05 12:59:02,587 [Worker-5: Launching mavenrun-3a8e5343-149b-4aa8-960b-63ed1fd4cead] INFO  o.eclipse.m2e.core.internal.Bundles - 	Entry: C:\Users\ins4g\Downloads\eclipse-java-2022-12-R-win32-x86_64\eclipse\plugins\org.eclipse.m2e.maven.runtime_3.8.604.20221130-2149\jars\okio-1.17.3.jar
2023-11-05 12:59:02,587 [Worker-5: Launching mavenrun-3a8e5343-149b-4aa8-960b-63ed1fd4cead] INFO  o.eclipse.m2e.core.internal.Bundles - 	Entry: C:\Users\ins4g\Downloads\eclipse-java-2022-12-R-win32-x86_64\eclipse\plugins\org.eclipse.m2e.maven.runtime_3.8.604.20221130-2149\jars\org.eclipse.sisu.inject-0.3.5.jar
2023-11-05 12:59:02,587 [Worker-5: Launching mavenrun-3a8e5343-149b-4aa8-960b-63ed1fd4cead] INFO  o.eclipse.m2e.core.internal.Bundles - 	Entry: C:\Users\ins4g\Downloads\eclipse-java-2022-12-R-win32-x86_64\eclipse\plugins\org.eclipse.m2e.maven.runtime_3.8.604.20221130-2149\jars\org.eclipse.sisu.plexus-0.3.5.jar
2023-11-05 12:59:02,587 [Worker-5: Launching mavenrun-3a8e5343-149b-4aa8-960b-63ed1fd4cead] INFO  o.eclipse.m2e.core.internal.Bundles - 	Entry: C:\Users\ins4g\Downloads\eclipse-java-2022-12-R-win32-x86_64\eclipse\plugins\org.eclipse.m2e.maven.runtime_3.8.604.20221130-2149\jars\plexus-build-api-0.0.7.jar
2023-11-05 12:59:02,587 [Worker-5: Launching mavenrun-3a8e5343-149b-4aa8-960b-63ed1fd4cead] INFO  o.eclipse.m2e.core.internal.Bundles - 	Entry: C:\Users\ins4g\Downloads\eclipse-java-2022-12-R-win32-x86_64\eclipse\plugins\org.eclipse.m2e.maven.runtime_3.8.604.20221130-2149\jars\plexus-cipher-2.0.jar
2023-11-05 12:59:02,587 [Worker-5: Launching mavenrun-3a8e5343-149b-4aa8-960b-63ed1fd4cead] INFO  o.eclipse.m2e.core.internal.Bundles - 	Entry: C:\Users\ins4g\Downloads\eclipse-java-2022-12-R-win32-x86_64\eclipse\plugins\org.eclipse.m2e.maven.runtime_3.8.604.20221130-2149\jars\plexus-classworlds-2.6.0.jar
2023-11-05 12:59:02,587 [Worker-5: Launching mavenrun-3a8e5343-149b-4aa8-960b-63ed1fd4cead] INFO  o.eclipse.m2e.core.internal.Bundles - 	Entry: C:\Users\ins4g\Downloads\eclipse-java-2022-12-R-win32-x86_64\eclipse\plugins\org.eclipse.m2e.maven.runtime_3.8.604.20221130-2149\jars\plexus-component-annotations-2.1.0.jar
2023-11-05 12:59:02,587 [Worker-5: Launching mavenrun-3a8e5343-149b-4aa8-960b-63ed1fd4cead] INFO  o.eclipse.m2e.core.internal.Bundles - 	Entry: C:\Users\ins4g\Downloads\eclipse-java-2022-12-R-win32-x86_64\eclipse\plugins\org.eclipse.m2e.maven.runtime_3.8.604.20221130-2149\jars\plexus-interpolation-1.26.jar
2023-11-05 12:59:02,587 [Worker-5: Launching mavenrun-3a8e5343-149b-4aa8-960b-63ed1fd4cead] INFO  o.eclipse.m2e.core.internal.Bundles - 	Entry: C:\Users\ins4g\Downloads\eclipse-java-2022-12-R-win32-x86_64\eclipse\plugins\org.eclipse.m2e.maven.runtime_3.8.604.20221130-2149\jars\plexus-sec-dispatcher-2.0.jar
2023-11-05 12:59:02,588 [Worker-5: Launching mavenrun-3a8e5343-149b-4aa8-960b-63ed1fd4cead] INFO  o.eclipse.m2e.core.internal.Bundles - 	Entry: C:\Users\ins4g\Downloads\eclipse-java-2022-12-R-win32-x86_64\eclipse\plugins\org.eclipse.m2e.maven.runtime_3.8.604.20221130-2149\jars\plexus-utils-3.3.1.jar
2023-11-05 12:59:02,588 [Worker-5: Launching mavenrun-3a8e5343-149b-4aa8-960b-63ed1fd4cead] INFO  o.eclipse.m2e.core.internal.Bundles - 	Entry: C:\Users\ins4g\Downloads\eclipse-java-2022-12-R-win32-x86_64\eclipse\plugins\org.eclipse.m2e.maven.runtime_3.8.604.20221130-2149\jars\wagon-file-3.5.1.jar
2023-11-05 12:59:02,588 [Worker-5: Launching mavenrun-3a8e5343-149b-4aa8-960b-63ed1fd4cead] INFO  o.eclipse.m2e.core.internal.Bundles - 	Entry: C:\Users\ins4g\Downloads\eclipse-java-2022-12-R-win32-x86_64\eclipse\plugins\org.eclipse.m2e.maven.runtime_3.8.604.20221130-2149\jars\wagon-provider-api-3.5.1.jar
2023-11-05 12:59:02,589 [Worker-5: Launching mavenrun-3a8e5343-149b-4aa8-960b-63ed1fd4cead] INFO  o.eclipse.m2e.core.internal.Bundles - getClasspathEntries(Bundle=com.google.guava_30.1.0.v20221112-0806 [8])
2023-11-05 12:59:02,591 [Worker-5: Launching mavenrun-3a8e5343-149b-4aa8-960b-63ed1fd4cead] INFO  o.eclipse.m2e.core.internal.Bundles - 	Entry: C:\Users\ins4g\Downloads\eclipse-java-2022-12-R-win32-x86_64\eclipse\plugins\com.google.guava_30.1.0.v20221112-0806.jar
2023-11-05 12:59:02,591 [Worker-5: Launching mavenrun-3a8e5343-149b-4aa8-960b-63ed1fd4cead] INFO  o.eclipse.m2e.core.internal.Bundles - getClasspathEntries(Bundle=slf4j.api_1.7.36 [434])
2023-11-05 12:59:02,592 [Worker-5: Launching mavenrun-3a8e5343-149b-4aa8-960b-63ed1fd4cead] INFO  o.eclipse.m2e.core.internal.Bundles - 	Entry: C:\Users\ins4g\Downloads\eclipse-java-2022-12-R-win32-x86_64\eclipse\plugins\slf4j.api_1.7.36.jar
2023-11-05 12:59:02,592 [Worker-5: Launching mavenrun-3a8e5343-149b-4aa8-960b-63ed1fd4cead] INFO  o.eclipse.m2e.core.internal.Bundles - getClasspathEntries(Bundle=javax.inject_1.0.0.v20220405-0441 [18])
2023-11-05 12:59:02,594 [Worker-5: Launching mavenrun-3a8e5343-149b-4aa8-960b-63ed1fd4cead] INFO  o.eclipse.m2e.core.internal.Bundles - 	Entry: C:\Users\ins4g\Downloads\eclipse-java-2022-12-R-win32-x86_64\eclipse\plugins\javax.inject_1.0.0.v20220405-0441.jar
2023-11-05 12:59:02,594 [Worker-5: Launching mavenrun-3a8e5343-149b-4aa8-960b-63ed1fd4cead] INFO  o.eclipse.m2e.core.internal.Bundles - getClasspathEntries(Bundle=javax.annotation_1.3.5.v20221112-0806 [16])
2023-11-05 12:59:02,595 [Worker-5: Launching mavenrun-3a8e5343-149b-4aa8-960b-63ed1fd4cead] INFO  o.eclipse.m2e.core.internal.Bundles - 	Entry: C:\Users\ins4g\Downloads\eclipse-java-2022-12-R-win32-x86_64\eclipse\plugins\javax.annotation_1.3.5.v20221112-0806.jar
2023-11-05 12:59:02,599 [Worker-5: Launching mavenrun-3a8e5343-149b-4aa8-960b-63ed1fd4cead] INFO  o.e.m.i.launch.MavenLaunchDelegate - Run build in "C:\Users\ins4g\AppData\Local\Temp\m2e-archetypeGenerator16401148039503014728":
2023-11-05 12:59:02,602 [Worker-5: Launching mavenrun-3a8e5343-149b-4aa8-960b-63ed1fd4cead] INFO  o.e.m.i.launch.MavenLaunchDelegate -  mvn  -DarchetypeGroupId=am.ik.archetype -DarchetypeArtifactId=maven-reactjs-blank-archetype -DarchetypeVersion=1.0.0 -DgroupId=1234 -DartifactId=0000 -Dversion=0.0.1-SNAPSHOT -Dpackage= -DoutputDirectory=C:\maven\class -Dstyle.color=always -U archetype:generate
2023-11-05 13:14:02,390 [Worker-2: Loading available Gradle versions] INFO  o.e.b.c.i.u.g.PublishedGradleVersions - Gradle version information cache is up-to-date. Trying to read.
2023-11-19 11:39:40,068 [Worker-1: Loading available Gradle versions] INFO  o.e.b.c.i.u.g.PublishedGradleVersions - Gradle version information cache is out-of-date. Trying to update.
2023-11-20 10:32:13,118 [Worker-4: Loading available Gradle versions] INFO  o.e.b.c.i.u.g.PublishedGradleVersions - Gradle version information cache is up-to-date. Trying to read.
2023-11-22 10:55:13,718 [Worker-3: Loading available Gradle versions] INFO  o.e.b.c.i.u.g.PublishedGradleVersions - Gradle version information cache is out-of-date. Trying to update.
2023-11-23 11:42:16,363 [Worker-2: Loading available Gradle versions] INFO  o.e.b.c.i.u.g.PublishedGradleVersions - Gradle version information cache is out-of-date. Trying to update.
2023-11-23 12:43:29,364 [Worker-2: Loading available Gradle versions] INFO  o.e.b.c.i.u.g.PublishedGradleVersions - Gradle version information cache is up-to-date. Trying to read.
2023-11-25 13:22:26,017 [Worker-3: Loading available Gradle versions] INFO  o.e.b.c.i.u.g.PublishedGradleVersions - Gradle version information cache is out-of-date. Trying to update.
2023-11-25 14:49:00,616 [Worker-1: Loading available Gradle versions] INFO  o.e.b.c.i.u.g.PublishedGradleVersions - Gradle version information cache is up-to-date. Trying to read.
2023-11-28 12:09:07,440 [Worker-2: Loading available Gradle versions] INFO  o.e.b.c.i.u.g.PublishedGradleVersions - Gradle version information cache is out-of-date. Trying to update.
2023-11-28 12:54:26,522 [Worker-0: Loading available Gradle versions] INFO  o.e.b.c.i.u.g.PublishedGradleVersions - Gradle version information cache is up-to-date. Trying to read.
2023-11-28 12:55:15,894 [Worker-1: Loading available Gradle versions] INFO  o.e.b.c.i.u.g.PublishedGradleVersions - Gradle version information cache is up-to-date. Trying to read.
2023-12-02 12:27:42,494 [Worker-1: Loading available Gradle versions] INFO  o.e.b.c.i.u.g.PublishedGradleVersions - Gradle version information cache is up-to-date. Trying to read.
2023-12-02 12:36:19,847 [Worker-3: Loading available Gradle versions] INFO  o.e.b.c.i.u.g.PublishedGradleVersions - Gradle version information cache is up-to-date. Trying to read.
2023-12-02 13:17:16,867 [Worker-0: Loading available Gradle versions] INFO  o.e.b.c.i.u.g.PublishedGradleVersions - Gradle version information cache is up-to-date. Trying to read.
2024-09-11 19:55:42,183 [Worker-1: Loading available Gradle versions] INFO  o.e.b.c.i.u.g.PublishedGradleVersions - Gradle version information cache is out-of-date. Trying to update.
2024-09-11 19:56:55,519 [Worker-1: Loading available Gradle versions] INFO  o.e.b.c.i.u.g.PublishedGradleVersions - Gradle version information cache is up-to-date. Trying to read.
2024-09-12 07:39:26,842 [Worker-2: Loading available Gradle versions] INFO  o.e.b.c.i.u.g.PublishedGradleVersions - Gradle version information cache is up-to-date. Trying to read.
2024-09-12 13:49:24,153 [Worker-0: Loading available Gradle versions] INFO  o.e.b.c.i.u.g.PublishedGradleVersions - Gradle version information cache is up-to-date. Trying to read.
2024-09-12 15:10:53,742 [Worker-1: Loading available Gradle versions] INFO  o.e.b.c.i.u.g.PublishedGradleVersions - Gradle version information cache is up-to-date. Trying to read.
2024-09-12 15:51:39,107 [Worker-2: Loading available Gradle versions] INFO  o.e.b.c.i.u.g.PublishedGradleVersions - Gradle version information cache is up-to-date. Trying to read.
2024-09-12 16:14:14,566 [Worker-7: Loading available Gradle versions] INFO  o.e.b.c.i.u.g.PublishedGradleVersions - Gradle version information cache is up-to-date. Trying to read.
2024-09-12 16:17:21,519 [Worker-7: Loading available Gradle versions] INFO  o.e.b.c.i.u.g.PublishedGradleVersions - Gradle version information cache is up-to-date. Trying to read.
2024-09-13 07:36:23,076 [Worker-1: Loading available Gradle versions] INFO  o.e.b.c.i.u.g.PublishedGradleVersions - Gradle version information cache is out-of-date. Trying to update.
2024-09-13 07:36:24,694 [Worker-1: Loading available Gradle versions] INFO  o.e.b.c.i.u.g.PublishedGradleVersions - Updating Gradle version information cache failed. Using outdated cache.
2024-09-13 13:38:10,366 [Worker-1: Loading available Gradle versions] INFO  o.e.b.c.i.u.g.PublishedGradleVersions - Gradle version information cache is out-of-date. Trying to update.
2024-09-13 13:38:11,970 [Worker-1: Loading available Gradle versions] INFO  o.e.b.c.i.u.g.PublishedGradleVersions - Updating Gradle version information cache failed. Using outdated cache.
2024-09-13 15:45:58,571 [Worker-0: Loading available Gradle versions] INFO  o.e.b.c.i.u.g.PublishedGradleVersions - Gradle version information cache is out-of-date. Trying to update.
2024-09-13 15:46:00,223 [Worker-0: Loading available Gradle versions] INFO  o.e.b.c.i.u.g.PublishedGradleVersions - Updating Gradle version information cache failed. Using outdated cache.
2024-09-14 10:03:41,250 [Worker-0: Loading available Gradle versions] INFO  o.e.b.c.i.u.g.PublishedGradleVersions - Gradle version information cache is out-of-date. Trying to update.
2024-09-14 10:03:43,470 [Worker-0: Loading available Gradle versions] INFO  o.e.b.c.i.u.g.PublishedGradleVersions - Updating Gradle version information cache failed. Using outdated cache.
2024-09-15 16:14:23,472 [Worker-2: Loading available Gradle versions] INFO  o.e.b.c.i.u.g.PublishedGradleVersions - Gradle version information cache is out-of-date. Trying to update.
2024-09-15 20:45:01,856 [Worker-1: Loading available Gradle versions] INFO  o.e.b.c.i.u.g.PublishedGradleVersions - Gradle version information cache is up-to-date. Trying to read.
2024-09-16 09:18:34,312 [Worker-0: Loading available Gradle versions] INFO  o.e.b.c.i.u.g.PublishedGradleVersions - Gradle version information cache is up-to-date. Trying to read.
2024-09-16 10:47:25,729 [Worker-2: Loading available Gradle versions] INFO  o.e.b.c.i.u.g.PublishedGradleVersions - Gradle version information cache is up-to-date. Trying to read.
2024-09-16 16:12:38,988 [Worker-1: Loading available Gradle versions] INFO  o.e.b.c.i.u.g.PublishedGradleVersions - Gradle version information cache is up-to-date. Trying to read.
2024-09-16 17:05:32,513 [Worker-1: Loading available Gradle versions] INFO  o.e.b.c.i.u.g.PublishedGradleVersions - Gradle version information cache is out-of-date. Trying to update.
2024-09-16 17:08:27,633 [Worker-1: Loading available Gradle versions] INFO  o.e.b.c.i.u.g.PublishedGradleVersions - Gradle version information cache is up-to-date. Trying to read.
2024-09-16 17:09:44,064 [Worker-2: Loading available Gradle versions] INFO  o.e.b.c.i.u.g.PublishedGradleVersions - Gradle version information cache is up-to-date. Trying to read.
2024-09-16 17:10:37,549 [Worker-2: Loading available Gradle versions] INFO  o.e.b.c.i.u.g.PublishedGradleVersions - Gradle version information cache is up-to-date. Trying to read.
2024-09-16 17:11:25,638 [Worker-3: Loading available Gradle versions] INFO  o.e.b.c.i.u.g.PublishedGradleVersions - Gradle version information cache is up-to-date. Trying to read.
2024-09-16 17:15:57,264 [Worker-1: Loading available Gradle versions] INFO  o.e.b.c.i.u.g.PublishedGradleVersions - Gradle version information cache is up-to-date. Trying to read.
2024-09-16 17:26:57,347 [Worker-1: Loading available Gradle versions] INFO  o.e.b.c.i.u.g.PublishedGradleVersions - Gradle version information cache is up-to-date. Trying to read.
2024-09-16 17:37:59,562 [Worker-1: Loading available Gradle versions] INFO  o.e.b.c.i.u.g.PublishedGradleVersions - Gradle version information cache is up-to-date. Trying to read.
2024-09-16 19:33:11,222 [Worker-2: Loading available Gradle versions] INFO  o.e.b.c.i.u.g.PublishedGradleVersions - Gradle version information cache is up-to-date. Trying to read.
2024-09-17 09:24:54,497 [Worker-2: Loading available Gradle versions] INFO  o.e.b.c.i.u.g.PublishedGradleVersions - Gradle version information cache is up-to-date. Trying to read.
2024-09-18 10:00:18,463 [Worker-1: Loading available Gradle versions] INFO  o.e.b.c.i.u.g.PublishedGradleVersions - Gradle version information cache is out-of-date. Trying to update.
2024-09-18 13:37:17,569 [Worker-2: Loading available Gradle versions] INFO  o.e.b.c.i.u.g.PublishedGradleVersions - Gradle version information cache is up-to-date. Trying to read.
2024-09-18 15:21:14,827 [Worker-0: Loading available Gradle versions] INFO  o.e.b.c.i.u.g.PublishedGradleVersions - Gradle version information cache is up-to-date. Trying to read.
